[0m20:44:39.827250 [debug] [MainThread]: Sending event: {'category': 'dbt', 'action': 'invocation', 'label': 'start', 'context': [<snowplow_tracker.self_describing_json.SelfDescribingJson object at 0x000001EA76C9C2F0>, <snowplow_tracker.self_describing_json.SelfDescribingJson object at 0x000001EA795D6E90>, <snowplow_tracker.self_describing_json.SelfDescribingJson object at 0x000001EA795D7250>]}


============================== 20:44:39.901733 | e57c3ece-aeea-4ca6-8627-9aed1beca931 ==============================
[0m20:44:39.901733 [info ] [MainThread]: Running with dbt=1.7.9
[0m20:44:39.904656 [debug] [MainThread]: running dbt with arguments {'printer_width': '80', 'indirect_selection': 'eager', 'log_cache_events': 'False', 'write_json': 'True', 'partial_parse': 'True', 'cache_selected_only': 'False', 'profiles_dir': 'C:\\Users\\LOTUS\\.dbt', 'fail_fast': 'False', 'debug': 'False', 'log_path': 'logs', 'version_check': 'True', 'warn_error': 'None', 'use_colors': 'True', 'use_experimental_parser': 'False', 'no_print': 'None', 'quiet': 'False', 'log_format': 'default', 'invocation_command': 'dbt init', 'warn_error_options': 'WarnErrorOptions(include=[], exclude=[])', 'static_parser': 'True', 'target_path': 'None', 'introspect': 'True', 'send_anonymous_usage_stats': 'True'}
[0m20:44:39.907151 [warn ] [MainThread]: [ConfigFolderDirectory]: Unable to parse dict {'dir': WindowsPath('C:/Users/LOTUS/.dbt')}
[0m20:44:39.908863 [info ] [MainThread]: Creating dbt configuration folder at 
[0m20:45:02.407309 [debug] [MainThread]: Starter project path: C:\Users\LOTUS\AppData\Local\Programs\Python\Python313\Lib\site-packages\dbt\include\starter_project
[0m20:45:02.503775 [info ] [MainThread]: 
Your new dbt project "quete_etl_elt_DBT" was created!

For more information on how to configure the profiles.yml file,
please consult the dbt documentation here:

  https://docs.getdbt.com/docs/configure-your-profile

One more thing:

Need help? Don't hesitate to reach out to us via GitHub issues or on Slack:

  https://community.getdbt.com/

Happy modeling!

[0m20:45:02.506416 [info ] [MainThread]: Setting up your profile.
[0m20:45:16.134844 [info ] [MainThread]: Profile quete_etl_elt_DBT written to C:\Users\LOTUS\.dbt\profiles.yml using target's sample configuration. Once updated, you'll be able to start developing with dbt.
[0m20:45:16.137728 [debug] [MainThread]: Command `dbt init` succeeded at 20:45:16.137263 after 36.72 seconds
[0m20:45:16.139015 [debug] [MainThread]: Sending event: {'category': 'dbt', 'action': 'invocation', 'label': 'end', 'context': [<snowplow_tracker.self_describing_json.SelfDescribingJson object at 0x000001EA72B96520>, <snowplow_tracker.self_describing_json.SelfDescribingJson object at 0x000001EA79B485F0>, <snowplow_tracker.self_describing_json.SelfDescribingJson object at 0x000001EA79796030>]}
[0m20:45:16.140566 [debug] [MainThread]: Flushing usage events
